0 info it worked if it ends with ok
1 verbose cli [ '/home/gamera/.nvm/versions/node/v4.3.2/bin/node',
1 verbose cli   '/home/gamera/.nvm/versions/node/v4.3.2/bin/npm',
1 verbose cli   'install',
1 verbose cli   'material-design-lite-postcss',
1 verbose cli   '--save' ]
2 info using npm@2.14.12
3 info using node@v4.3.2
4 verbose install initial load of /home/gamera/code/kanjimon/client/package.json
5 warn package.json kanjimon@1.0.0 No repository field.
6 warn package.json kanjimon@1.0.0 No README data
7 verbose installManyTop reading scoped package data from /home/gamera/code/kanjimon/client/node_modules/autoprefixer/package.json
8 verbose installManyTop reading scoped package data from /home/gamera/code/kanjimon/client/node_modules/babel-preset-es2015/package.json
9 verbose installManyTop reading scoped package data from /home/gamera/code/kanjimon/client/node_modules/babel-preset-react/package.json
10 verbose installManyTop reading scoped package data from /home/gamera/code/kanjimon/client/node_modules/babel-register/package.json
11 verbose installManyTop reading scoped package data from /home/gamera/code/kanjimon/client/node_modules/babelify/package.json
12 verbose installManyTop reading scoped package data from /home/gamera/code/kanjimon/client/node_modules/browserify/package.json
13 verbose installManyTop reading scoped package data from /home/gamera/code/kanjimon/client/node_modules/cssnext/package.json
14 verbose installManyTop reading scoped package data from /home/gamera/code/kanjimon/client/node_modules/fetch-polyfill/package.json
15 verbose installManyTop reading scoped package data from /home/gamera/code/kanjimon/client/node_modules/gulp/package.json
16 verbose installManyTop reading scoped package data from /home/gamera/code/kanjimon/client/node_modules/gulp-postcss/package.json
17 verbose installManyTop reading scoped package data from /home/gamera/code/kanjimon/client/node_modules/gulp-sourcemaps/package.json
18 verbose installManyTop reading scoped package data from /home/gamera/code/kanjimon/client/node_modules/lost/package.json
19 verbose installManyTop reading scoped package data from /home/gamera/code/kanjimon/client/node_modules/marked/package.json
20 verbose installManyTop reading scoped package data from /home/gamera/code/kanjimon/client/node_modules/material-design-lite/package.json
21 verbose installManyTop reading scoped package data from /home/gamera/code/kanjimon/client/node_modules/precss/package.json
22 verbose installManyTop reading scoped package data from /home/gamera/code/kanjimon/client/node_modules/react/package.json
23 verbose installManyTop reading scoped package data from /home/gamera/code/kanjimon/client/node_modules/react-dom/package.json
24 verbose installManyTop reading scoped package data from /home/gamera/code/kanjimon/client/node_modules/react-router/package.json
25 verbose installManyTop reading scoped package data from /home/gamera/code/kanjimon/client/node_modules/serviceworker-cache-polyfill/package.json
26 verbose installManyTop reading scoped package data from /home/gamera/code/kanjimon/client/node_modules/vinyl-buffer/package.json
27 verbose installManyTop reading scoped package data from /home/gamera/code/kanjimon/client/node_modules/vinyl-source-stream/package.json
28 verbose installManyTop reading scoped package data from /home/gamera/code/kanjimon/client/node_modules/watchify/package.json
29 verbose installManyTop reading scoped package data from /home/gamera/code/kanjimon/client/node_modules/whatwg-fetch/package.json
30 info package.json whatwg-fetch@0.10.1 No license field.
31 info package.json fetch-polyfill@0.8.2 No license field.
32 verbose readDependencies loading dependencies from /home/gamera/code/kanjimon/client/package.json
33 silly cache add args [ 'material-design-lite-postcss', null ]
34 verbose cache add spec material-design-lite-postcss
35 silly cache add parsed spec Result {
35 silly cache add   raw: 'material-design-lite-postcss',
35 silly cache add   scope: null,
35 silly cache add   name: 'material-design-lite-postcss',
35 silly cache add   rawSpec: '',
35 silly cache add   spec: 'latest',
35 silly cache add   type: 'tag' }
36 silly addNamed material-design-lite-postcss@latest
37 verbose addNamed "latest" is being treated as a dist-tag for material-design-lite-postcss
38 info addNameTag [ 'material-design-lite-postcss', 'latest' ]
39 silly mapToRegistry name material-design-lite-postcss
40 silly mapToRegistry using default registry
41 silly mapToRegistry registry https://registry.npmjs.org/
42 silly mapToRegistry uri https://registry.npmjs.org/material-design-lite-postcss
43 verbose addNameTag registry:https://registry.npmjs.org/material-design-lite-postcss not in flight; fetching
44 verbose request uri https://registry.npmjs.org/material-design-lite-postcss
45 verbose request no auth needed
46 info attempt registry request try #1 at 12:49:47 PM
47 verbose request id 8f08a20bacacaccb
48 http request GET https://registry.npmjs.org/material-design-lite-postcss
49 http 404 https://registry.npmjs.org/material-design-lite-postcss
50 verbose headers { 'content-type': 'application/json',
50 verbose headers   'cache-control': 'max-age=0',
50 verbose headers   'content-length': '2',
50 verbose headers   'accept-ranges': 'bytes',
50 verbose headers   date: 'Sun, 06 Mar 2016 02:49:49 GMT',
50 verbose headers   via: '1.1 varnish',
50 verbose headers   age: '0',
50 verbose headers   connection: 'keep-alive',
50 verbose headers   'x-served-by': 'cache-syd1621-SYD',
50 verbose headers   'x-cache': 'MISS',
50 verbose headers   'x-cache-hits': '0',
50 verbose headers   'x-timer': 'S1457232588.118625,VS0,VE904' }
51 silly get cb [ 404,
51 silly get   { 'content-type': 'application/json',
51 silly get     'cache-control': 'max-age=0',
51 silly get     'content-length': '2',
51 silly get     'accept-ranges': 'bytes',
51 silly get     date: 'Sun, 06 Mar 2016 02:49:49 GMT',
51 silly get     via: '1.1 varnish',
51 silly get     age: '0',
51 silly get     connection: 'keep-alive',
51 silly get     'x-served-by': 'cache-syd1621-SYD',
51 silly get     'x-cache': 'MISS',
51 silly get     'x-cache-hits': '0',
51 silly get     'x-timer': 'S1457232588.118625,VS0,VE904' } ]
52 verbose stack Error: Registry returned 404 for GET on https://registry.npmjs.org/material-design-lite-postcss
52 verbose stack     at makeError (/home/gamera/.nvm/versions/node/v4.3.2/lib/node_modules/npm/node_modules/npm-registry-client/lib/request.js:264:12)
52 verbose stack     at CachingRegistryClient.<anonymous> (/home/gamera/.nvm/versions/node/v4.3.2/lib/node_modules/npm/node_modules/npm-registry-client/lib/request.js:242:14)
52 verbose stack     at Request._callback (/home/gamera/.nvm/versions/node/v4.3.2/lib/node_modules/npm/node_modules/npm-registry-client/lib/request.js:172:14)
52 verbose stack     at Request.self.callback (/home/gamera/.nvm/versions/node/v4.3.2/lib/node_modules/npm/node_modules/request/request.js:198:22)
52 verbose stack     at emitTwo (events.js:87:13)
52 verbose stack     at Request.emit (events.js:172:7)
52 verbose stack     at Request.<anonymous> (/home/gamera/.nvm/versions/node/v4.3.2/lib/node_modules/npm/node_modules/request/request.js:1082:10)
52 verbose stack     at emitOne (events.js:82:20)
52 verbose stack     at Request.emit (events.js:169:7)
52 verbose stack     at IncomingMessage.<anonymous> (/home/gamera/.nvm/versions/node/v4.3.2/lib/node_modules/npm/node_modules/request/request.js:1009:12)
53 verbose statusCode 404
54 verbose pkgid material-design-lite-postcss
55 verbose cwd /home/gamera/code/kanjimon/client
56 error Linux 4.4.1-2-ARCH
57 error argv "/home/gamera/.nvm/versions/node/v4.3.2/bin/node" "/home/gamera/.nvm/versions/node/v4.3.2/bin/npm" "install" "material-design-lite-postcss" "--save"
58 error node v4.3.2
59 error npm  v2.14.12
60 error code E404
61 error 404 Registry returned 404 for GET on https://registry.npmjs.org/material-design-lite-postcss
61 error 404
61 error 404 'material-design-lite-postcss' is not in the npm registry.
61 error 404 You should bug the author to publish it (or use the name yourself!)
61 error 404 It was specified as a dependency of 'kanjimon'
61 error 404
61 error 404 Note that you can also install from a
61 error 404 tarball, folder, http url, or git url.
62 verbose exit [ 1, true ]
